TkDiff 4.1.4 report

File: /tmp/.project~other.CJt_SN
number of diffs: 1
         0 regions were deleted
         0 regions were added
         1 regions were changed


     1 ? <?xml version="1.0" encoding="UTF-8"?>
     2 ? <projectDescription>
     3 ? 	<name>h-os</name>
     4 ? 	<comment></comment>
     5 ? 	<projects>
     6 ? 	</projects>
     7 ? 	<buildSpec>
     8 ? 	</buildSpec>
     9 ? 	<natures>
    10 ? 	</natures>
    11 ? </projectDescription>
       ?
       ?
       ?
       ?
       ?
       ?
       ?
       ?
       ?
       ?
       ?
       ?
       ?
       ?
       ?
       ?
       ?
       ?
       ?
       ?
       ?
       ?
       ?
       ?
       ?
       ?
       ?
       ?
       ?
       ?
       ?
       ?
       ?
       ?
       ?

